<?xml version="1.0" encoding="UTF-8"?>
<!-- Generated by org.testng.reporters.JUnitXMLReporter -->
<testsuite ignored="0" hostname="DESKTOP-G6Q01IK" failures="0" tests="1" name="Test" time="15.751" errors="0" timestamp="2023-07-03T19:31:40 IST">
  <testcase classname="test.PB_TC_1020_ValidatePolicyUserName" name="@BeforeClass launchPolicyBazaar" time="15.435">
    <failure type="java.io.FileNotFoundException" message="D:\Yogendra\Feb18_Batch_Selenium\myProperty.properties (The system cannot find the path specified)">
      <![CDATA[java.io.FileNotFoundException: D:\Yogendra\Feb18_Batch_Selenium\myProperty.properties (The system cannot find the path specified)
at java.base/java.io.FileInputStream.open0(Native Method)
at java.base/java.io.FileInputStream.open(FileInputStream.java:216)
at java.base/java.io.FileInputStream.<init>(FileInputStream.java:157)
at java.base/java.io.FileInputStream.<init>(FileInputStream.java:111)
at utility.Utility.readDataFromPropertyFile(Utility.java:48)
at base.Base.launchBrowserUsingPropertyFile(Base.java:26)
at test.PB_TC_1020_ValidatePolicyUserName.launchPolicyBazaar(PB_TC_1020_ValidatePolicyUserName.java:31)
at java.base/java.util.ArrayList.forEach(ArrayList.java:1511)
... Removed 25 stack frames]]>
    </failure>
  </testcase> <!-- @BeforeClass launchPolicyBazaar -->
  <testcase classname="test.PB_TC_1020_ValidatePolicyUserName" name="@BeforeMethod signInToPolicyBazaar" time="0.0">
    <skipped/>
  </testcase> <!-- @BeforeMethod signInToPolicyBazaar -->
  <testcase classname="test.PB_TC_1020_ValidatePolicyUserName" name="@AfterMethod logoutFromPolicyBazaar" time="0.0">
    <skipped/>
  </testcase> <!-- @AfterMethod logoutFromPolicyBazaar -->
  <testcase classname="test.PB_TC_1020_ValidatePolicyUserName" name="@AfterClass closePoilicyBazaar" time="0.0">
    <skipped/>
  </testcase> <!-- @AfterClass closePoilicyBazaar -->
  <testcase classname="test.PB_TC_1020_ValidatePolicyUserName" name="validateUserName" time="0.0">
    <skipped/>
  </testcase> <!-- validateUserName -->
</testsuite> <!-- Test -->
